
> nextn@0.1.0 dev
> next dev --turbopack -p 9002

   ▲ Next.js 15.5.9 (Turbopack)
   - Local:        http://localhost:9002
   - Network:      http://192.168.0.2:9002
   - Environments: .env
   - Experiments (use with caution):
     · serverActions

 ✓ Starting...
Attention: Next.js now collects completely anonymous telemetry regarding usage.
This information is used to shape Next.js' roadmap and prioritize features.
You can learn more, including how to opt-out if you'd not like to participate in this anonymous program, by visiting the following URL:
https://nextjs.org/telemetry

 ✓ Ready in 1561ms
 ○ Compiling / ...
 ✓ Compiled / in 9.3s
 GET / 200 in 16400ms
 ○ Compiling /scan ...
 ✓ Compiled /scan in 7.3s
 GET /scan 200 in 8689ms
 GET / 200 in 4372ms
 GET / 200 in 4641ms
 GET /scan 200 in 1684ms
 GET /scan 200 in 666ms
 GET /scan 200 in 183ms
 ○ Compiling /scan2 ...
 ✓ Compiled /scan2 in 5.4s
 GET /scan2 200 in 8119ms
 GET /scan2 200 in 935ms
